c:\users\hiror\onedrive\デスクトップ\git\12saitoh\3dlv1_2022_vs2019\gameprogramming\debug\vc142.pdb
c:\users\hiror\onedrive\デスクトップ\git\12saitoh\3dlv1_2022_vs2019\gameprogramming\debug\vc142.idb
c:\users\hiror\onedrive\デスクトップ\git\12saitoh\3dlv1_2022_vs2019\gameprogramming\debug\crectangle.obj
c:\users\hiror\onedrive\デスクトップ\git\12saitoh\3dlv1_2022_vs2019\gameprogramming\debug\cmodel.obj
c:\users\hiror\onedrive\デスクトップ\git\12saitoh\3dlv1_2022_vs2019\gameprogramming\debug\cmatrix.obj
c:\users\hiror\onedrive\デスクトップ\git\12saitoh\3dlv1_2022_vs2019\gameprogramming\debug\cmaterial.obj
c:\users\hiror\onedrive\デスクトップ\git\12saitoh\3dlv1_2022_vs2019\gameprogramming\debug\cfont.obj
c:\users\hiror\onedrive\デスクトップ\git\12saitoh\3dlv1_2022_vs2019\gameprogramming\debug\cenemy.obj
c:\users\hiror\onedrive\デスクトップ\git\12saitoh\3dlv1_2022_vs2019\gameprogramming\debug\ccamera.obj
c:\users\hiror\onedrive\デスクトップ\git\12saitoh\3dlv1_2022_vs2019\gameprogramming\debug\cbullet.obj
c:\users\hiror\onedrive\デスクトップ\git\12saitoh\3dlv1_2022_vs2019\gameprogramming\debug\cvector.obj
c:\users\hiror\onedrive\デスクトップ\git\12saitoh\3dlv1_2022_vs2019\gameprogramming\debug\cui.obj
c:\users\hiror\onedrive\デスクトップ\git\12saitoh\3dlv1_2022_vs2019\gameprogramming\debug\ctriangle.obj
c:\users\hiror\onedrive\デスクトップ\git\12saitoh\3dlv1_2022_vs2019\gameprogramming\debug\ctransform.obj
c:\users\hiror\onedrive\デスクトップ\git\12saitoh\3dlv1_2022_vs2019\gameprogramming\debug\cinput.obj
c:\users\hiror\onedrive\デスクトップ\git\12saitoh\3dlv1_2022_vs2019\gameprogramming\debug\ctexture.obj
c:\users\hiror\onedrive\デスクトップ\git\12saitoh\3dlv1_2022_vs2019\gameprogramming\debug\csound.obj
c:\users\hiror\onedrive\デスクトップ\git\12saitoh\3dlv1_2022_vs2019\gameprogramming\debug\gameprogramming.tlog\cl.command.1.tlog
c:\users\hiror\onedrive\デスクトップ\git\12saitoh\3dlv1_2022_vs2019\gameprogramming\debug\gameprogramming.tlog\cl.read.1.tlog
c:\users\hiror\onedrive\デスクトップ\git\12saitoh\3dlv1_2022_vs2019\gameprogramming\debug\gameprogramming.tlog\cl.write.1.tlog
