  CApplication.cpp
  CBlock.cpp
  CBullet.cpp
  CCamera.cpp
  CCharacter.cpp
  CCharacter3.cpp
  CCharacterManager.cpp
  CEnemy.cpp
  CEnemy2.cpp
  CFont.cpp
  CGame.cpp
  CMaterial.cpp
  CMatrix.cpp
C:\Users\hiror\OneDrive\デスクトップ\Git\12Saitoh\3DLv1_2022_vs2019\GameProgramming\src\CMatrix.cpp(14,12): warning C4244: '初期化中': 'double' から 'float' への変換です。データが失われる可能性があります。
C:\Users\hiror\OneDrive\デスクトップ\Git\12Saitoh\3DLv1_2022_vs2019\GameProgramming\src\CMatrix.cpp(29,12): warning C4244: '初期化中': 'double' から 'float' への変換です。データが失われる可能性があります。
C:\Users\hiror\OneDrive\デスクトップ\Git\12Saitoh\3DLv1_2022_vs2019\GameProgramming\src\CMatrix.cpp(44,12): warning C4244: '初期化中': 'double' から 'float' への変換です。データが失われる可能性があります。
  CModel.cpp
C:\Users\hiror\OneDrive\デスクトップ\Git\12Saitoh\3DLv1_2022_vs2019\GameProgramming\src\CModel.cpp(185,20): warning C4018: '<': signed と unsigned の数値を比較しようとしました。
C:\Users\hiror\OneDrive\デスクトップ\Git\12Saitoh\3DLv1_2022_vs2019\GameProgramming\src\CModel.cpp(239,20): warning C4018: '<': signed と unsigned の数値を比較しようとしました。
C:\Users\hiror\OneDrive\デスクトップ\Git\12Saitoh\3DLv1_2022_vs2019\GameProgramming\src\CModel.cpp(250,20): warning C4018: '<': signed と unsigned の数値を比較しようとしました。
C:\Users\hiror\OneDrive\デスクトップ\Git\12Saitoh\3DLv1_2022_vs2019\GameProgramming\src\CModel.cpp(252,21): warning C4018: '<': signed と unsigned の数値を比較しようとしました。
  CPlayer.cpp
C:\Users\hiror\OneDrive\デスクトップ\Git\12Saitoh\3DLv1_2022_vs2019\GameProgramming\src\CPlayer.cpp(8,1): warning C4005: 'VELOCITY': マクロが再定義されました。
C:\Users\hiror\OneDrive\デスクトップ\Git\12Saitoh\3DLv1_2022_vs2019\GameProgramming\src\CCharacter.h(7): message : 'VELOCITY' の以前の定義を確認してください
  CPlayer2.cpp
C:\Users\hiror\OneDrive\デスクトップ\Git\12Saitoh\3DLv1_2022_vs2019\GameProgramming\src\CPlayer2.cpp(12,1): warning C4005: 'VELOCITY': マクロが再定義されました。
C:\Users\hiror\OneDrive\デスクトップ\Git\12Saitoh\3DLv1_2022_vs2019\GameProgramming\src\CCharacter.h(7): message : 'VELOCITY' の以前の定義を確認してください
  CPoint.cpp
  CRectangle.cpp
  CSound.cpp
  CTaskManager.cpp
  コードを生成中...
  コンパイル中...
  CTexture.cpp
  CInput.cpp
  CTransform.cpp
  CTriangle.cpp
  CUi.cpp
  CVector.cpp
  main.cpp
  コードを生成中...
LINK : warning LNK4098: defaultlib 'MSVCRT' は他のライブラリの使用と競合しています。/NODEFAULTLIB:library を使用してください。
LINK : warning LNK4098: defaultlib 'LIBCMT' は他のライブラリの使用と競合しています。/NODEFAULTLIB:library を使用してください。
  GameProgramming.vcxproj -> C:\Users\hiror\OneDrive\デスクトップ\Git\12Saitoh\3DLv1_2022_vs2019\Debug\GameProgramming.exe
