c:\users\hiror\onedrive\デスクトップ\game programming\授業\12saitoh\3dlv2_2023_vs2019_00\3dlv2_2023_vs2019_00\gameprogramming\debug\vc142.pdb
c:\users\hiror\onedrive\デスクトップ\game programming\授業\12saitoh\3dlv2_2023_vs2019_00\3dlv2_2023_vs2019_00\gameprogramming\debug\vc142.idb
c:\users\hiror\onedrive\デスクトップ\game programming\授業\12saitoh\3dlv2_2023_vs2019_00\3dlv2_2023_vs2019_00\gameprogramming\debug\cpaladin.obj
c:\users\hiror\onedrive\デスクトップ\game programming\授業\12saitoh\3dlv2_2023_vs2019_00\3dlv2_2023_vs2019_00\gameprogramming\debug\cmodelx.obj
c:\users\hiror\onedrive\デスクトップ\game programming\授業\12saitoh\3dlv2_2023_vs2019_00\3dlv2_2023_vs2019_00\gameprogramming\debug\cmodel.obj
c:\users\hiror\onedrive\デスクトップ\game programming\授業\12saitoh\3dlv2_2023_vs2019_00\3dlv2_2023_vs2019_00\gameprogramming\debug\cmatrix.obj
c:\users\hiror\onedrive\デスクトップ\game programming\授業\12saitoh\3dlv2_2023_vs2019_00\3dlv2_2023_vs2019_00\gameprogramming\debug\cmaterial.obj
c:\users\hiror\onedrive\デスクトップ\game programming\授業\12saitoh\3dlv2_2023_vs2019_00\3dlv2_2023_vs2019_00\gameprogramming\debug\cfont.obj
c:\users\hiror\onedrive\デスクトップ\game programming\授業\12saitoh\3dlv2_2023_vs2019_00\3dlv2_2023_vs2019_00\gameprogramming\debug\cenemy3.obj
c:\users\hiror\onedrive\デスクトップ\game programming\授業\12saitoh\3dlv2_2023_vs2019_00\3dlv2_2023_vs2019_00\gameprogramming\debug\cenemy.obj
c:\users\hiror\onedrive\デスクトップ\game programming\授業\12saitoh\3dlv2_2023_vs2019_00\3dlv2_2023_vs2019_00\gameprogramming\debug\ceffect.obj
c:\users\hiror\onedrive\デスクトップ\game programming\授業\12saitoh\3dlv2_2023_vs2019_00\3dlv2_2023_vs2019_00\gameprogramming\debug\ccollisionmanager.obj
c:\users\hiror\onedrive\デスクトップ\game programming\授業\12saitoh\3dlv2_2023_vs2019_00\3dlv2_2023_vs2019_00\gameprogramming\debug\ccollidertriangle.obj
c:\users\hiror\onedrive\デスクトップ\game programming\授業\12saitoh\3dlv2_2023_vs2019_00\3dlv2_2023_vs2019_00\gameprogramming\debug\ccollidermesh.obj
c:\users\hiror\onedrive\デスクトップ\game programming\授業\12saitoh\3dlv2_2023_vs2019_00\3dlv2_2023_vs2019_00\gameprogramming\debug\ccolliderline.obj
c:\users\hiror\onedrive\デスクトップ\game programming\授業\12saitoh\3dlv2_2023_vs2019_00\3dlv2_2023_vs2019_00\gameprogramming\debug\ccollider.obj
c:\users\hiror\onedrive\デスクトップ\game programming\授業\12saitoh\3dlv2_2023_vs2019_00\3dlv2_2023_vs2019_00\gameprogramming\debug\ccharacter3.obj
c:\users\hiror\onedrive\デスクトップ\game programming\授業\12saitoh\3dlv2_2023_vs2019_00\3dlv2_2023_vs2019_00\gameprogramming\debug\ccamera.obj
c:\users\hiror\onedrive\デスクトップ\game programming\授業\12saitoh\3dlv2_2023_vs2019_00\3dlv2_2023_vs2019_00\gameprogramming\debug\cbullet.obj
c:\users\hiror\onedrive\デスクトップ\game programming\授業\12saitoh\3dlv2_2023_vs2019_00\3dlv2_2023_vs2019_00\gameprogramming\debug\cbillboard.obj
c:\users\hiror\onedrive\デスクトップ\game programming\授業\12saitoh\3dlv2_2023_vs2019_00\3dlv2_2023_vs2019_00\gameprogramming\debug\capplication.obj
c:\users\hiror\onedrive\デスクトップ\game programming\授業\12saitoh\3dlv2_2023_vs2019_00\3dlv2_2023_vs2019_00\gameprogramming\debug\main.obj
c:\users\hiror\onedrive\デスクトップ\game programming\授業\12saitoh\3dlv2_2023_vs2019_00\3dlv2_2023_vs2019_00\gameprogramming\debug\cxplayer.obj
c:\users\hiror\onedrive\デスクトップ\game programming\授業\12saitoh\3dlv2_2023_vs2019_00\3dlv2_2023_vs2019_00\gameprogramming\debug\cxenemy.obj
c:\users\hiror\onedrive\デスクトップ\game programming\授業\12saitoh\3dlv2_2023_vs2019_00\3dlv2_2023_vs2019_00\gameprogramming\debug\cxcharacter.obj
c:\users\hiror\onedrive\デスクトップ\game programming\授業\12saitoh\3dlv2_2023_vs2019_00\3dlv2_2023_vs2019_00\gameprogramming\debug\cvector.obj
c:\users\hiror\onedrive\デスクトップ\game programming\授業\12saitoh\3dlv2_2023_vs2019_00\3dlv2_2023_vs2019_00\gameprogramming\debug\cui.obj
c:\users\hiror\onedrive\デスクトップ\game programming\授業\12saitoh\3dlv2_2023_vs2019_00\3dlv2_2023_vs2019_00\gameprogramming\debug\ctriangle.obj
c:\users\hiror\onedrive\デスクトップ\game programming\授業\12saitoh\3dlv2_2023_vs2019_00\3dlv2_2023_vs2019_00\gameprogramming\debug\ctransform.obj
c:\users\hiror\onedrive\デスクトップ\game programming\授業\12saitoh\3dlv2_2023_vs2019_00\3dlv2_2023_vs2019_00\gameprogramming\debug\cinput.obj
c:\users\hiror\onedrive\デスクトップ\game programming\授業\12saitoh\3dlv2_2023_vs2019_00\3dlv2_2023_vs2019_00\gameprogramming\debug\ctexture.obj
c:\users\hiror\onedrive\デスクトップ\game programming\授業\12saitoh\3dlv2_2023_vs2019_00\3dlv2_2023_vs2019_00\gameprogramming\debug\ctaskmanager.obj
c:\users\hiror\onedrive\デスクトップ\game programming\授業\12saitoh\3dlv2_2023_vs2019_00\3dlv2_2023_vs2019_00\gameprogramming\debug\csound.obj
c:\users\hiror\onedrive\デスクトップ\game programming\授業\12saitoh\3dlv2_2023_vs2019_00\3dlv2_2023_vs2019_00\gameprogramming\debug\cshader.obj
c:\users\hiror\onedrive\デスクトップ\game programming\授業\12saitoh\3dlv2_2023_vs2019_00\3dlv2_2023_vs2019_00\gameprogramming\debug\cplayer.obj
c:\users\hiror\onedrive\デスクトップ\game programming\授業\12saitoh\3dlv2_2023_vs2019_00\3dlv2_2023_vs2019_00\gameprogramming\debug\cmyshader.obj
c:\users\hiror\onedrive\デスクトップ\game programming\授業\12saitoh\3dlv2_2023_vs2019_00\3dlv2_2023_vs2019_00\gameprogramming\debug\cactioncamera.obj
c:\users\hiror\onedrive\デスクトップ\game programming\授業\12saitoh\3dlv2_2023_vs2019_00\3dlv2_2023_vs2019_00\debug\gameprogramming.exe
c:\users\hiror\onedrive\デスクトップ\game programming\授業\12saitoh\3dlv2_2023_vs2019_00\3dlv2_2023_vs2019_00\gameprogramming\debug\gameprogramming.ilk
c:\users\hiror\onedrive\デスクトップ\game programming\授業\12saitoh\3dlv2_2023_vs2019_00\3dlv2_2023_vs2019_00\debug\gameprogramming.pdb
c:\users\hiror\onedrive\デスクトップ\game programming\授業\12saitoh\3dlv2_2023_vs2019_00\3dlv2_2023_vs2019_00\gameprogramming\debug\gameprogramming.tlog\cl.command.1.tlog
c:\users\hiror\onedrive\デスクトップ\game programming\授業\12saitoh\3dlv2_2023_vs2019_00\3dlv2_2023_vs2019_00\gameprogramming\debug\gameprogramming.tlog\cl.read.1.tlog
c:\users\hiror\onedrive\デスクトップ\game programming\授業\12saitoh\3dlv2_2023_vs2019_00\3dlv2_2023_vs2019_00\gameprogramming\debug\gameprogramming.tlog\cl.write.1.tlog
c:\users\hiror\onedrive\デスクトップ\game programming\授業\12saitoh\3dlv2_2023_vs2019_00\3dlv2_2023_vs2019_00\gameprogramming\debug\gameprogramming.tlog\link.command.1.tlog
c:\users\hiror\onedrive\デスクトップ\game programming\授業\12saitoh\3dlv2_2023_vs2019_00\3dlv2_2023_vs2019_00\gameprogramming\debug\gameprogramming.tlog\link.read.1.tlog
c:\users\hiror\onedrive\デスクトップ\game programming\授業\12saitoh\3dlv2_2023_vs2019_00\3dlv2_2023_vs2019_00\gameprogramming\debug\gameprogramming.tlog\link.write.1.tlog
