  CApplication.cpp
  CBack.cpp
  CCamera.cpp
  CCharacter.cpp
  CCharacterManager.cpp
  CEnemy.cpp
  CFont.cpp
  CGame.cpp
  CPlayer.cpp
  CRectangle.cpp
  CSound.cpp
  CTaskManager.cpp
  CTexture.cpp
  CInput.cpp
  CUi.cpp
  main.cpp
  コードを生成中...
LINK : warning LNK4098: defaultlib 'MSVCRT' は他のライブラリの使用と競合しています。/NODEFAULTLIB:library を使用してください。
LINK : warning LNK4098: defaultlib 'LIBCMT' は他のライブラリの使用と競合しています。/NODEFAULTLIB:library を使用してください。
  GameProgramming.vcxproj -> C:\Users\hiror\OneDrive\デスクトップ\game programming\1年\Git\12Saitoh\gamecamp\Debug\GameProgramming.exe
