  CActionCamera.cpp
  CApplication.cpp
  CBillBoard.cpp
  CCamera.cpp
  CCharacter.cpp
  CCollider.cpp
  CColliderLine.cpp
  CColliderMesh.cpp
  CColliderTriangle.cpp
  CCollisionManager.cpp
  CEffect.cpp
  CFont.cpp
  CMaterial.cpp
  CMatrix.cpp
C:\Users\hiror\OneDrive\デスクトップ\game programming\授業\12Saitoh\3DLv2_2023_vs2019_Game2\3DLv2_2023_vs2019_00\GameProgramming\src\CMatrix.cpp(151,12): warning C4244: '初期化中': 'double' から 'float' への変換です。データが失われる可能性があります。
C:\Users\hiror\OneDrive\デスクトップ\game programming\授業\12Saitoh\3DLv2_2023_vs2019_Game2\3DLv2_2023_vs2019_00\GameProgramming\src\CMatrix.cpp(167,12): warning C4244: '初期化中': 'double' から 'float' への変換です。データが失われる可能性があります。
C:\Users\hiror\OneDrive\デスクトップ\game programming\授業\12Saitoh\3DLv2_2023_vs2019_Game2\3DLv2_2023_vs2019_00\GameProgramming\src\CMatrix.cpp(181,12): warning C4244: '初期化中': 'double' から 'float' への変換です。データが失われる可能性があります。
  CModel.cpp
C:\Users\hiror\OneDrive\デスクトップ\game programming\授業\12Saitoh\3DLv2_2023_vs2019_Game2\3DLv2_2023_vs2019_00\GameProgramming\src\CModel.cpp(249,20): warning C4018: '<': signed と unsigned の数値を比較しようとしました。
C:\Users\hiror\OneDrive\デスクトップ\game programming\授業\12Saitoh\3DLv2_2023_vs2019_Game2\3DLv2_2023_vs2019_00\GameProgramming\src\CModel.cpp(261,20): warning C4018: '<': signed と unsigned の数値を比較しようとしました。
C:\Users\hiror\OneDrive\デスクトップ\game programming\授業\12Saitoh\3DLv2_2023_vs2019_Game2\3DLv2_2023_vs2019_00\GameProgramming\src\CModel.cpp(314,20): warning C4018: '<': signed と unsigned の数値を比較しようとしました。
C:\Users\hiror\OneDrive\デスクトップ\game programming\授業\12Saitoh\3DLv2_2023_vs2019_Game2\3DLv2_2023_vs2019_00\GameProgramming\src\CModel.cpp(316,21): warning C4018: '<': signed と unsigned の数値を比較しようとしました。
  CModelX.cpp
  CMyShader.cpp
  CPaladin.cpp
  CShader.cpp
  CSound.cpp
  コードを生成中...
  コンパイル中...
  CTaskManager.cpp
  CTexture.cpp
  CInput.cpp
  CTransform.cpp
  CTriangle.cpp
  CUi.cpp
  CVector.cpp
  CXCharacter.cpp
  CXEnemy.cpp
  CXPlayer.cpp
  main.cpp
  コードを生成中...
LINK : warning LNK4098: defaultlib 'MSVCRT' は他のライブラリの使用と競合しています。/NODEFAULTLIB:library を使用してください。
LINK : warning LNK4098: defaultlib 'LIBCMT' は他のライブラリの使用と競合しています。/NODEFAULTLIB:library を使用してください。
  GameProgramming.vcxproj -> C:\Users\hiror\OneDrive\デスクトップ\game programming\授業\12Saitoh\3DLv2_2023_vs2019_Game2\3DLv2_2023_vs2019_00\Debug\GameProgramming.exe
