c:\users\hiror\onedrive\デスクトップ\game programming\授業\12saitoh\3dlv1_2022_vs2019\gameprogramming\debug\vc142.pdb
c:\users\hiror\onedrive\デスクトップ\game programming\授業\12saitoh\3dlv1_2022_vs2019\gameprogramming\debug\vc142.idb
c:\users\hiror\onedrive\デスクトップ\game programming\授業\12saitoh\3dlv1_2022_vs2019\gameprogramming\debug\cmaterial.obj
c:\users\hiror\onedrive\デスクトップ\game programming\授業\12saitoh\3dlv1_2022_vs2019\gameprogramming\debug\cgame.obj
c:\users\hiror\onedrive\デスクトップ\game programming\授業\12saitoh\3dlv1_2022_vs2019\gameprogramming\debug\cfont.obj
c:\users\hiror\onedrive\デスクトップ\game programming\授業\12saitoh\3dlv1_2022_vs2019\gameprogramming\debug\cenemy3.obj
c:\users\hiror\onedrive\デスクトップ\game programming\授業\12saitoh\3dlv1_2022_vs2019\gameprogramming\debug\cenemy2.obj
c:\users\hiror\onedrive\デスクトップ\game programming\授業\12saitoh\3dlv1_2022_vs2019\gameprogramming\debug\cenemy.obj
c:\users\hiror\onedrive\デスクトップ\game programming\授業\12saitoh\3dlv1_2022_vs2019\gameprogramming\debug\ceffect.obj
c:\users\hiror\onedrive\デスクトップ\game programming\授業\12saitoh\3dlv1_2022_vs2019\gameprogramming\debug\ccollisionmanager.obj
c:\users\hiror\onedrive\デスクトップ\game programming\授業\12saitoh\3dlv1_2022_vs2019\gameprogramming\debug\ccollidertriangle.obj
c:\users\hiror\onedrive\デスクトップ\game programming\授業\12saitoh\3dlv1_2022_vs2019\gameprogramming\debug\ccollidermesh.obj
c:\users\hiror\onedrive\デスクトップ\game programming\授業\12saitoh\3dlv1_2022_vs2019\gameprogramming\debug\ccolliderline.obj
c:\users\hiror\onedrive\デスクトップ\game programming\授業\12saitoh\3dlv1_2022_vs2019\gameprogramming\debug\ccollider.obj
c:\users\hiror\onedrive\デスクトップ\game programming\授業\12saitoh\3dlv1_2022_vs2019\gameprogramming\debug\ccharactermanager.obj
c:\users\hiror\onedrive\デスクトップ\game programming\授業\12saitoh\3dlv1_2022_vs2019\gameprogramming\debug\ccharacter3.obj
c:\users\hiror\onedrive\デスクトップ\game programming\授業\12saitoh\3dlv1_2022_vs2019\gameprogramming\debug\ccharacter.obj
c:\users\hiror\onedrive\デスクトップ\game programming\授業\12saitoh\3dlv1_2022_vs2019\gameprogramming\debug\ccamera.obj
c:\users\hiror\onedrive\デスクトップ\game programming\授業\12saitoh\3dlv1_2022_vs2019\gameprogramming\debug\cbullet.obj
c:\users\hiror\onedrive\デスクトップ\game programming\授業\12saitoh\3dlv1_2022_vs2019\gameprogramming\debug\cblock.obj
c:\users\hiror\onedrive\デスクトップ\game programming\授業\12saitoh\3dlv1_2022_vs2019\gameprogramming\debug\cbillboard.obj
c:\users\hiror\onedrive\デスクトップ\game programming\授業\12saitoh\3dlv1_2022_vs2019\gameprogramming\debug\capplication.obj
c:\users\hiror\onedrive\デスクトップ\game programming\授業\12saitoh\3dlv1_2022_vs2019\gameprogramming\debug\main.obj
c:\users\hiror\onedrive\デスクトップ\game programming\授業\12saitoh\3dlv1_2022_vs2019\gameprogramming\debug\cvector.obj
c:\users\hiror\onedrive\デスクトップ\game programming\授業\12saitoh\3dlv1_2022_vs2019\gameprogramming\debug\cui.obj
c:\users\hiror\onedrive\デスクトップ\game programming\授業\12saitoh\3dlv1_2022_vs2019\gameprogramming\debug\ctriangle.obj
c:\users\hiror\onedrive\デスクトップ\game programming\授業\12saitoh\3dlv1_2022_vs2019\gameprogramming\debug\ctransform.obj
c:\users\hiror\onedrive\デスクトップ\game programming\授業\12saitoh\3dlv1_2022_vs2019\gameprogramming\debug\cinput.obj
c:\users\hiror\onedrive\デスクトップ\game programming\授業\12saitoh\3dlv1_2022_vs2019\gameprogramming\debug\ctexture.obj
c:\users\hiror\onedrive\デスクトップ\game programming\授業\12saitoh\3dlv1_2022_vs2019\gameprogramming\debug\ctaskmanager.obj
c:\users\hiror\onedrive\デスクトップ\game programming\授業\12saitoh\3dlv1_2022_vs2019\gameprogramming\debug\csound.obj
c:\users\hiror\onedrive\デスクトップ\game programming\授業\12saitoh\3dlv1_2022_vs2019\gameprogramming\debug\crectangle.obj
c:\users\hiror\onedrive\デスクトップ\game programming\授業\12saitoh\3dlv1_2022_vs2019\gameprogramming\debug\cpoint.obj
c:\users\hiror\onedrive\デスクトップ\game programming\授業\12saitoh\3dlv1_2022_vs2019\gameprogramming\debug\cplayer2.obj
c:\users\hiror\onedrive\デスクトップ\game programming\授業\12saitoh\3dlv1_2022_vs2019\gameprogramming\debug\cplayer.obj
c:\users\hiror\onedrive\デスクトップ\game programming\授業\12saitoh\3dlv1_2022_vs2019\gameprogramming\debug\cmodel.obj
c:\users\hiror\onedrive\デスクトップ\game programming\授業\12saitoh\3dlv1_2022_vs2019\gameprogramming\debug\cmatrix.obj
c:\users\hiror\onedrive\デスクトップ\game programming\授業\12saitoh\3dlv2_2023_vs2019_game\project\gameprogramming\debug\vc142.pdb
c:\users\hiror\onedrive\デスクトップ\game programming\授業\12saitoh\3dlv2_2023_vs2019_game\project\gameprogramming\debug\vc142.idb
c:\users\hiror\onedrive\デスクトップ\game programming\授業\12saitoh\3dlv2_2023_vs2019_game\project\gameprogramming\debug\ctaskmanager.obj
c:\users\hiror\onedrive\デスクトップ\game programming\授業\12saitoh\3dlv2_2023_vs2019_game\project\gameprogramming\debug\csound.obj
c:\users\hiror\onedrive\デスクトップ\game programming\授業\12saitoh\3dlv2_2023_vs2019_game\project\gameprogramming\debug\cplayer.obj
c:\users\hiror\onedrive\デスクトップ\game programming\授業\12saitoh\3dlv2_2023_vs2019_game\project\gameprogramming\debug\cmodel.obj
c:\users\hiror\onedrive\デスクトップ\game programming\授業\12saitoh\3dlv2_2023_vs2019_game\project\gameprogramming\debug\cmatrix.obj
c:\users\hiror\onedrive\デスクトップ\game programming\授業\12saitoh\3dlv2_2023_vs2019_game\project\gameprogramming\debug\cmaterial.obj
c:\users\hiror\onedrive\デスクトップ\game programming\授業\12saitoh\3dlv2_2023_vs2019_game\project\gameprogramming\debug\cfont.obj
c:\users\hiror\onedrive\デスクトップ\game programming\授業\12saitoh\3dlv2_2023_vs2019_game\project\gameprogramming\debug\cenemy3.obj
c:\users\hiror\onedrive\デスクトップ\game programming\授業\12saitoh\3dlv2_2023_vs2019_game\project\gameprogramming\debug\cenemy.obj
c:\users\hiror\onedrive\デスクトップ\game programming\授業\12saitoh\3dlv2_2023_vs2019_game\project\gameprogramming\debug\ceffect.obj
c:\users\hiror\onedrive\デスクトップ\game programming\授業\12saitoh\3dlv2_2023_vs2019_game\project\gameprogramming\debug\ccollisionmanager.obj
c:\users\hiror\onedrive\デスクトップ\game programming\授業\12saitoh\3dlv2_2023_vs2019_game\project\gameprogramming\debug\ccollidertriangle.obj
c:\users\hiror\onedrive\デスクトップ\game programming\授業\12saitoh\3dlv2_2023_vs2019_game\project\gameprogramming\debug\ccollidermesh.obj
c:\users\hiror\onedrive\デスクトップ\game programming\授業\12saitoh\3dlv2_2023_vs2019_game\project\gameprogramming\debug\ccolliderline.obj
c:\users\hiror\onedrive\デスクトップ\game programming\授業\12saitoh\3dlv2_2023_vs2019_game\project\gameprogramming\debug\ccollider.obj
c:\users\hiror\onedrive\デスクトップ\game programming\授業\12saitoh\3dlv2_2023_vs2019_game\project\gameprogramming\debug\ccharacter3.obj
c:\users\hiror\onedrive\デスクトップ\game programming\授業\12saitoh\3dlv2_2023_vs2019_game\project\gameprogramming\debug\ccamera.obj
c:\users\hiror\onedrive\デスクトップ\game programming\授業\12saitoh\3dlv2_2023_vs2019_game\project\gameprogramming\debug\cbullet.obj
c:\users\hiror\onedrive\デスクトップ\game programming\授業\12saitoh\3dlv2_2023_vs2019_game\project\gameprogramming\debug\cbillboard.obj
c:\users\hiror\onedrive\デスクトップ\game programming\授業\12saitoh\3dlv2_2023_vs2019_game\project\gameprogramming\debug\capplication.obj
c:\users\hiror\onedrive\デスクトップ\game programming\授業\12saitoh\3dlv2_2023_vs2019_game\project\gameprogramming\debug\main.obj
c:\users\hiror\onedrive\デスクトップ\game programming\授業\12saitoh\3dlv2_2023_vs2019_game\project\gameprogramming\debug\cvector.obj
c:\users\hiror\onedrive\デスクトップ\game programming\授業\12saitoh\3dlv2_2023_vs2019_game\project\gameprogramming\debug\cui.obj
c:\users\hiror\onedrive\デスクトップ\game programming\授業\12saitoh\3dlv2_2023_vs2019_game\project\gameprogramming\debug\ctriangle.obj
c:\users\hiror\onedrive\デスクトップ\game programming\授業\12saitoh\3dlv2_2023_vs2019_game\project\gameprogramming\debug\ctransform.obj
c:\users\hiror\onedrive\デスクトップ\game programming\授業\12saitoh\3dlv2_2023_vs2019_game\project\gameprogramming\debug\cinput.obj
c:\users\hiror\onedrive\デスクトップ\game programming\授業\12saitoh\3dlv2_2023_vs2019_game\project\gameprogramming\debug\ctexture.obj
c:\users\hiror\onedrive\デスクトップ\game programming\授業\12saitoh\3dlv1_2022_vs2019\debug\gameprogramming.exe
c:\users\hiror\onedrive\デスクトップ\game programming\授業\12saitoh\3dlv1_2022_vs2019\gameprogramming\debug\gameprogramming.ilk
c:\users\hiror\onedrive\デスクトップ\game programming\授業\12saitoh\3dlv1_2022_vs2019\debug\gameprogramming.pdb
c:\users\hiror\onedrive\デスクトップ\game programming\授業\12saitoh\3dlv2_2023_vs2019_game\project\debug\gameprogramming.exe
c:\users\hiror\onedrive\デスクトップ\game programming\授業\12saitoh\3dlv2_2023_vs2019_game\project\gameprogramming\debug\gameprogramming.ilk
c:\users\hiror\onedrive\デスクトップ\game programming\授業\12saitoh\3dlv2_2023_vs2019_game\project\debug\gameprogramming.pdb
c:\users\hiror\onedrive\デスクトップ\game programming\授業\12saitoh\3dlv2_2023_vs2019_game\project\gameprogramming\debug\cblock.obj
c:\users\hiror\onedrive\デスクトップ\game programming\授業\12saitoh\3dlv2_2023_vs2019_game\project\gameprogramming\debug\ccharacter.obj
c:\users\hiror\onedrive\デスクトップ\game programming\授業\12saitoh\3dlv2_2023_vs2019_game\project\gameprogramming\debug\ccharactermanager.obj
c:\users\hiror\onedrive\デスクトップ\game programming\授業\12saitoh\3dlv2_2023_vs2019_game\project\gameprogramming\debug\cenemy2.obj
c:\users\hiror\onedrive\デスクトップ\game programming\授業\12saitoh\3dlv2_2023_vs2019_game\project\gameprogramming\debug\cgame.obj
c:\users\hiror\onedrive\デスクトップ\game programming\授業\12saitoh\3dlv2_2023_vs2019_game\project\gameprogramming\debug\cplayer2.obj
c:\users\hiror\onedrive\デスクトップ\game programming\授業\12saitoh\3dlv2_2023_vs2019_game\project\gameprogramming\debug\cpoint.obj
c:\users\hiror\onedrive\デスクトップ\game programming\授業\12saitoh\3dlv2_2023_vs2019_game\project\gameprogramming\debug\crectangle.obj
c:\users\hiror\onedrive\デスクトップ\game programming\授業\12saitoh\3dlv2_2023_vs2019_game\project\gameprogramming\debug\gameprogramming.tlog\cl.command.1.tlog
c:\users\hiror\onedrive\デスクトップ\game programming\授業\12saitoh\3dlv2_2023_vs2019_game\project\gameprogramming\debug\gameprogramming.tlog\cl.read.1.tlog
c:\users\hiror\onedrive\デスクトップ\game programming\授業\12saitoh\3dlv2_2023_vs2019_game\project\gameprogramming\debug\gameprogramming.tlog\cl.write.1.tlog
c:\users\hiror\onedrive\デスクトップ\game programming\授業\12saitoh\3dlv2_2023_vs2019_game\project\gameprogramming\debug\gameprogramming.tlog\link.command.1.tlog
c:\users\hiror\onedrive\デスクトップ\game programming\授業\12saitoh\3dlv2_2023_vs2019_game\project\gameprogramming\debug\gameprogramming.tlog\link.read.1.tlog
c:\users\hiror\onedrive\デスクトップ\game programming\授業\12saitoh\3dlv2_2023_vs2019_game\project\gameprogramming\debug\gameprogramming.tlog\link.write.1.tlog
